/home/aistudio/PaDiM-Paddle
W0414 17:39:27.042312 14262 device_context.cc:447] Please NOTE: device: 0, GPU Compute Capability: 7.0, Driver API Version: 11.0, Runtime API Version: 10.1
W0414 17:39:27.047713 14262 device_context.cc:465] device: 0, cuDNN Version: 7.6.
Training model for grid
2022-04-14 17:39:31	Epoch 0[1/9]: loss:0.00000, lr:0.00000, batch time:0.0513, data time:0.8678
2022-04-14 17:39:33	Epoch 0[3/9]: loss:0.00000, lr:0.00000, batch time:0.0508, data time:0.7352
2022-04-14 17:39:34	Epoch 0[5/9]: loss:0.00000, lr:0.00000, batch time:0.0506, data time:0.7239
2022-04-14 17:39:36	Epoch 0[7/9]: loss:0.00000, lr:0.00000, batch time:0.0506, data time:0.7307
2022-04-14 17:39:37	Epoch 0[9/9]: loss:0.00000, lr:0.00000, batch time:0.0156, data time:0.1840
2022-04-14 17:39:40	Train ends, total 0.00s
2022-04-14 17:39:40	Saving model...
2022-04-14 17:39:40	Save model in ./output/grid/best.pdparams
2022-04-14 17:39:40	Starting eval model...
| feature extraction | test | grid |: 100%|███████| 3/3 [00:02<00:00,  1.30it/s]
/opt/conda/envs/python35-paddle120-env/lib/python3.7/site-packages/matplotlib/cbook/__init__.py:2349: DeprecationWarning: Using or importing the ABCs from 'collections' instead of from 'collections.abc' is deprecated, and in 3.8 it will stop working
  if isinstance(obj, collections.Iterator):
/opt/conda/envs/python35-paddle120-env/lib/python3.7/site-packages/matplotlib/colors.py:101: DeprecationWarning: np.asscalar(a) is deprecated since NumPy v1.16, use a.item() instead
  ret = np.asscalar(ex)
/opt/conda/envs/python35-paddle120-env/lib/python3.7/site-packages/matplotlib/cbook/__init__.py:2366: DeprecationWarning: Using or importing the ABCs from 'collections' instead of from 'collections.abc' is deprecated, and in 3.8 it will stop working
  return list(data) if isinstance(data, collections.MappingView) else data
/opt/conda/envs/python35-paddle120-env/lib/python3.7/site-packages/matplotlib/image.py:425: DeprecationWarning: np.asscalar(a) is deprecated since NumPy v1.16, use a.item() instead
  a_min = np.asscalar(a_min.astype(scaled_dtype))
/opt/conda/envs/python35-paddle120-env/lib/python3.7/site-packages/matplotlib/image.py:426: DeprecationWarning: np.asscalar(a) is deprecated since NumPy v1.16, use a.item() instead
  a_max = np.asscalar(a_max.astype(scaled_dtype))
2022-04-14 17:40:00	Class:grid:	Image AUC: 0.915
2022-04-14 17:40:00	Class:grid:	Pixel AUC: 0.941