/home/aistudio/PaDiM-Paddle
W0418 22:42:23.527223 23266 device_context.cc:447] Please NOTE: device: 0, GPU Compute Capability: 7.0, Driver API Version: 10.1, Runtime API Version: 10.1
W0418 22:42:23.532207 23266 device_context.cc:465] device: 0, cuDNN Version: 7.6.
Training model for bottle
2022-04-18 22:42:30	Epoch 0[1/7]: loss:0.00000, lr:0.00000, batch time:0.0549, data time:1.2052
2022-04-18 22:42:32	Epoch 0[3/7]: loss:0.00000, lr:0.00000, batch time:0.0528, data time:1.0514
2022-04-18 22:42:34	Epoch 0[5/7]: loss:0.00000, lr:0.00000, batch time:0.0534, data time:1.0563
2022-04-18 22:42:36	Epoch 0[7/7]: loss:0.00000, lr:0.00000, batch time:0.0296, data time:0.5589
2022-04-18 22:42:39	Train ends, total 0.00s
2022-04-18 22:42:39	Saving model...
2022-04-18 22:42:39	Save model in ./output/bottle/best.pdparams
2022-04-18 22:42:39	Starting eval model...
| feature extraction | test | bottle |: 100%|█████| 3/3 [00:03<00:00,  1.06s/it]
/opt/conda/envs/python35-paddle120-env/lib/python3.7/site-packages/matplotlib/cbook/__init__.py:2349: DeprecationWarning: Using or importing the ABCs from 'collections' instead of from 'collections.abc' is deprecated, and in 3.8 it will stop working
  if isinstance(obj, collections.Iterator):
/opt/conda/envs/python35-paddle120-env/lib/python3.7/site-packages/matplotlib/colors.py:101: DeprecationWarning: np.asscalar(a) is deprecated since NumPy v1.16, use a.item() instead
  ret = np.asscalar(ex)
/opt/conda/envs/python35-paddle120-env/lib/python3.7/site-packages/matplotlib/cbook/__init__.py:2366: DeprecationWarning: Using or importing the ABCs from 'collections' instead of from 'collections.abc' is deprecated, and in 3.8 it will stop working
  return list(data) if isinstance(data, collections.MappingView) else data
/opt/conda/envs/python35-paddle120-env/lib/python3.7/site-packages/matplotlib/image.py:425: DeprecationWarning: np.asscalar(a) is deprecated since NumPy v1.16, use a.item() instead
  a_min = np.asscalar(a_min.astype(scaled_dtype))
/opt/conda/envs/python35-paddle120-env/lib/python3.7/site-packages/matplotlib/image.py:426: DeprecationWarning: np.asscalar(a) is deprecated since NumPy v1.16, use a.item() instead
  a_max = np.asscalar(a_max.astype(scaled_dtype))
2022-04-18 22:44:01	Class:bottle:	Image AUC: 0.998
2022-04-18 22:44:01	Class:bottle:	Pixel AUC: 0.979