/home/aistudio/PaDiM-Paddle
W0414 17:37:03.144927 14064 device_context.cc:447] Please NOTE: device: 0, GPU Compute Capability: 7.0, Driver API Version: 11.0, Runtime API Version: 10.1
W0414 17:37:03.150266 14064 device_context.cc:465] device: 0, cuDNN Version: 7.6.
Training model for carpet
2022-04-14 17:37:08	Epoch 0[1/9]: loss:0.00000, lr:0.00000, batch time:0.0520, data time:1.9639
2022-04-14 17:37:12	Epoch 0[3/9]: loss:0.00000, lr:0.00000, batch time:0.0510, data time:1.8800
2022-04-14 17:37:16	Epoch 0[5/9]: loss:0.00000, lr:0.00000, batch time:0.0499, data time:1.8309
2022-04-14 17:37:20	Epoch 0[7/9]: loss:0.00000, lr:0.00000, batch time:0.0492, data time:1.8256
2022-04-14 17:37:23	Epoch 0[9/9]: loss:0.00000, lr:0.00000, batch time:0.0381, data time:1.3637
2022-04-14 17:37:26	Train ends, total 0.00s
2022-04-14 17:37:26	Saving model...
2022-04-14 17:37:27	Save model in ./output/carpet/best.pdparams
2022-04-14 17:37:27	Starting eval model...
| feature extraction | test | carpet |: 100%|█████| 4/4 [00:07<00:00,  1.84s/it]
/opt/conda/envs/python35-paddle120-env/lib/python3.7/site-packages/matplotlib/cbook/__init__.py:2349: DeprecationWarning: Using or importing the ABCs from 'collections' instead of from 'collections.abc' is deprecated, and in 3.8 it will stop working
  if isinstance(obj, collections.Iterator):
/opt/conda/envs/python35-paddle120-env/lib/python3.7/site-packages/matplotlib/colors.py:101: DeprecationWarning: np.asscalar(a) is deprecated since NumPy v1.16, use a.item() instead
  ret = np.asscalar(ex)
/opt/conda/envs/python35-paddle120-env/lib/python3.7/site-packages/matplotlib/cbook/__init__.py:2366: DeprecationWarning: Using or importing the ABCs from 'collections' instead of from 'collections.abc' is deprecated, and in 3.8 it will stop working
  return list(data) if isinstance(data, collections.MappingView) else data
/opt/conda/envs/python35-paddle120-env/lib/python3.7/site-packages/matplotlib/image.py:425: DeprecationWarning: np.asscalar(a) is deprecated since NumPy v1.16, use a.item() instead
  a_min = np.asscalar(a_min.astype(scaled_dtype))
/opt/conda/envs/python35-paddle120-env/lib/python3.7/site-packages/matplotlib/image.py:426: DeprecationWarning: np.asscalar(a) is deprecated since NumPy v1.16, use a.item() instead
  a_max = np.asscalar(a_max.astype(scaled_dtype))
2022-04-14 17:38:00	Class:carpet:	Image AUC: 0.998
2022-04-14 17:38:00	Class:carpet:	Pixel AUC: 0.989