/home/aistudio/PaDiM-Paddle
W0418 22:50:24.792755 23983 device_context.cc:447] Please NOTE: device: 0, GPU Compute Capability: 7.0, Driver API Version: 10.1, Runtime API Version: 10.1
W0418 22:50:24.797835 23983 device_context.cc:465] device: 0, cuDNN Version: 7.6.
Training model for hazelnut
2022-04-18 22:50:31	Epoch 0[1/13]: loss:0.00000, lr:0.00000, batch time:0.0567, data time:1.8049
2022-04-18 22:50:35	Epoch 0[3/13]: loss:0.00000, lr:0.00000, batch time:0.0534, data time:1.5559
2022-04-18 22:50:38	Epoch 0[5/13]: loss:0.00000, lr:0.00000, batch time:0.0529, data time:1.6678
2022-04-18 22:50:41	Epoch 0[7/13]: loss:0.00000, lr:0.00000, batch time:0.0535, data time:1.6690
2022-04-18 22:50:45	Epoch 0[9/13]: loss:0.00000, lr:0.00000, batch time:0.0532, data time:1.6771
2022-04-18 22:50:48	Epoch 0[11/13]: loss:0.00000, lr:0.00000, batch time:0.0520, data time:1.6623
2022-04-18 22:50:50	Epoch 0[13/13]: loss:0.00000, lr:0.00000, batch time:0.0145, data time:0.3570
2022-04-18 22:50:54	Train ends, total 0.00s
2022-04-18 22:50:54	Saving model...
2022-04-18 22:50:55	Save model in ./output/hazelnut/best.pdparams
2022-04-18 22:50:55	Starting eval model...
| feature extraction | test | hazelnut |: 100%|███| 4/4 [00:06<00:00,  1.53s/it]
/opt/conda/envs/python35-paddle120-env/lib/python3.7/site-packages/matplotlib/cbook/__init__.py:2349: DeprecationWarning: Using or importing the ABCs from 'collections' instead of from 'collections.abc' is deprecated, and in 3.8 it will stop working
  if isinstance(obj, collections.Iterator):
/opt/conda/envs/python35-paddle120-env/lib/python3.7/site-packages/matplotlib/colors.py:101: DeprecationWarning: np.asscalar(a) is deprecated since NumPy v1.16, use a.item() instead
  ret = np.asscalar(ex)
/opt/conda/envs/python35-paddle120-env/lib/python3.7/site-packages/matplotlib/cbook/__init__.py:2366: DeprecationWarning: Using or importing the ABCs from 'collections' instead of from 'collections.abc' is deprecated, and in 3.8 it will stop working
  return list(data) if isinstance(data, collections.MappingView) else data
/opt/conda/envs/python35-paddle120-env/lib/python3.7/site-packages/matplotlib/image.py:425: DeprecationWarning: np.asscalar(a) is deprecated since NumPy v1.16, use a.item() instead
  a_min = np.asscalar(a_min.astype(scaled_dtype))
/opt/conda/envs/python35-paddle120-env/lib/python3.7/site-packages/matplotlib/image.py:426: DeprecationWarning: np.asscalar(a) is deprecated since NumPy v1.16, use a.item() instead
  a_max = np.asscalar(a_max.astype(scaled_dtype))
2022-04-18 22:52:43	Class:hazelnut:	Image AUC: 0.870
2022-04-18 22:52:43	Class:hazelnut:	Pixel AUC: 0.979